-------------------------------------------------------------------------------
Test set: com.example.springcore.SpringcoreApplicationTests
-------------------------------------------------------------------------------
Tests run: 1, Failures: 0, Errors: 1, Skipped: 0, Time elapsed: 1.01 s <<< FAILURE! - in com.example.springcore.SpringcoreApplicationTests
com.example.springcore.SpringcoreApplicationTests  Time elapsed: 1 s  <<< ERROR!
java.lang.IllegalStateException: Unable to find a @SpringBootConfiguration, you need to use @ContextConfiguration or @SpringBootTest(classes=...) with your test

